[ 2024-12-25 16:19:00,335 ] 12 src.logger.custom_logging - INFO - >>>>>> stage Data Ingestion stage started <<<<<<
[ 2024-12-25 16:19:00,336 ] 45 src.logger.custom_logging - INFO - yaml file: config/config.yaml loaded successfully
[ 2024-12-25 16:19:00,336 ] 45 src.logger.custom_logging - INFO - yaml file: params.yaml loaded successfully
[ 2024-12-25 16:19:00,337 ] 65 src.logger.custom_logging - INFO - created directory at: artifacts
[ 2024-12-25 16:19:00,337 ] 65 src.logger.custom_logging - INFO - created directory at: artifacts/data_ingestion
[ 2024-12-25 16:19:00,337 ] 15 src.logger.custom_logging - INFO - Data Ingestion Started
[ 2024-12-25 16:19:00,341 ] 26 src.logger.custom_logging - INFO - Data Ingestion finished
[ 2024-12-25 16:19:00,341 ] 15 src.logger.custom_logging - INFO - >>>>>> stage Data Ingestion stage completed <<<<<<

x==========x
[ 2024-12-25 16:19:00,341 ] 12 src.logger.custom_logging - INFO - >>>>>> stage Data Transformation stage started <<<<<<
[ 2024-12-25 16:19:00,342 ] 45 src.logger.custom_logging - INFO - yaml file: config/config.yaml loaded successfully
[ 2024-12-25 16:19:00,342 ] 45 src.logger.custom_logging - INFO - yaml file: params.yaml loaded successfully
[ 2024-12-25 16:19:00,342 ] 65 src.logger.custom_logging - INFO - created directory at: artifacts
[ 2024-12-25 16:19:00,342 ] 65 src.logger.custom_logging - INFO - created directory at: artifacts/data_transformation
[ 2024-12-25 16:19:00,342 ] 19 src.logger.custom_logging - INFO - Creating data transformation pipeline
[ 2024-12-25 16:19:00,343 ] 50 src.logger.custom_logging - INFO - Filling missing values for 'Fare' column grouped by 'Pclass'
[ 2024-12-25 16:19:00,345 ] 54 src.logger.custom_logging - INFO - Filling missing values for 'Age' column grouped by 'Pclass' and 'Sex'
[ 2024-12-25 16:19:00,347 ] 19 src.logger.custom_logging - INFO - Creating data transformation pipeline
[ 2024-12-25 16:19:00,353 ] 15 src.logger.custom_logging - INFO - >>>>>> stage Data Transformation stage completed <<<<<<

x==========x
[ 2024-12-25 16:19:00,353 ] 12 src.logger.custom_logging - INFO - >>>>>> stage Model Trainer stage started <<<<<<
[ 2024-12-25 16:19:00,354 ] 45 src.logger.custom_logging - INFO - yaml file: config/config.yaml loaded successfully
[ 2024-12-25 16:19:00,354 ] 45 src.logger.custom_logging - INFO - yaml file: params.yaml loaded successfully
[ 2024-12-25 16:19:00,354 ] 65 src.logger.custom_logging - INFO - created directory at: artifacts
[ 2024-12-25 16:19:00,354 ] 65 src.logger.custom_logging - INFO - created directory at: artifacts/model_trainer
[ 2024-12-25 16:19:00,412 ] 15 src.logger.custom_logging - INFO - >>>>>> stage Model Trainer stage completed <<<<<<

x==========x
