[ 2024-12-25 14:16:14,088 ] 28 src.logger.custom_logging - INFO - >>>>>> stage Prepare Base Model stage started <<<<<<
[ 2024-12-25 14:16:14,089 ] 45 src.logger.custom_logging - INFO - yaml file: config/config.yaml loaded successfully
[ 2024-12-25 14:16:14,089 ] 45 src.logger.custom_logging - INFO - yaml file: params.yaml loaded successfully
[ 2024-12-25 14:16:14,089 ] 65 src.logger.custom_logging - INFO - created directory at: artifacts
[ 2024-12-25 14:16:14,089 ] 65 src.logger.custom_logging - INFO - created directory at: artifacts/data_transformation
[ 2024-12-25 14:16:14,089 ] 19 src.logger.custom_logging - INFO - Creating data transformation pipeline
[ 2024-12-25 14:16:14,089 ] 37 src.logger.custom_logging - INFO - Reading train and test data
[ 2024-12-25 14:16:14,095 ] 19 src.logger.custom_logging - INFO - Creating data transformation pipeline
[ 2024-12-25 14:16:14,099 ] 31 src.logger.custom_logging - INFO - >>>>>> stage Prepare Base Model stage completed <<<<<<

x==========x
[ 2024-12-25 14:16:59,233 ] 28 src.logger.custom_logging - INFO - >>>>>> stage Prepare Base Model stage started <<<<<<
[ 2024-12-25 14:16:59,234 ] 45 src.logger.custom_logging - INFO - yaml file: config/config.yaml loaded successfully
[ 2024-12-25 14:16:59,234 ] 45 src.logger.custom_logging - INFO - yaml file: params.yaml loaded successfully
[ 2024-12-25 14:16:59,234 ] 65 src.logger.custom_logging - INFO - created directory at: artifacts
[ 2024-12-25 14:16:59,234 ] 65 src.logger.custom_logging - INFO - created directory at: artifacts/data_transformation
[ 2024-12-25 14:16:59,234 ] 19 src.logger.custom_logging - INFO - Creating data transformation pipeline
[ 2024-12-25 14:16:59,234 ] 37 src.logger.custom_logging - INFO - Reading train and test data
[ 2024-12-25 14:16:59,236 ] 19 src.logger.custom_logging - INFO - Creating data transformation pipeline
[ 2024-12-25 14:16:59,242 ] 31 src.logger.custom_logging - INFO - >>>>>> stage Prepare Base Model stage completed <<<<<<

x==========x
